2021-12-22 05:38:40-log: [Package] menu@1.0.0 enable
2021-12-22 05:38:40-log: [Package] profile@1.0.0 enable
2021-12-22 05:38:40-log: [Package] project@1.0.1 enable
2021-12-22 05:38:40-log: [Package] messages@1.0.0 enable
2021-12-22 05:38:40-log: [Package] program@1.0.0 enable
2021-12-22 05:38:40-log: [Package] device@1.0.1 enable
2021-12-22 05:38:40-log: [Package] ui-kit@1.0.1 enable
2021-12-22 05:38:40-log: [Package] tester@1.0.0 enable
2021-12-22 05:38:40-log: [Package] preferences@1.0.0 enable
2021-12-22 05:38:41-log: Setup mods mgr.: 323.255ms
2021-12-22 05:38:41-log: [Package] engine@1.0.5 enable
2021-12-22 05:38:43-log: [Package] programming@1.0.0 enable
2021-12-22 05:38:44-log: [Package] engine-extends@1.0.0 enable
2021-12-22 05:38:44-log: [Package] asset-db@1.0.0 enable
2021-12-22 05:38:44-log: [Package] console@1.0.0 enable
2021-12-22 05:38:44-log: [Package] scene@1.0.0 enable
2021-12-22 05:38:44-log: [Package] utils@1.0.0 enable
2021-12-22 05:38:44-log: [Package] assets@1.0.0 enable
2021-12-22 05:38:44-log: [Package] inspector@1.0.0 enable
2021-12-22 05:38:44-log: [Package] hierarchy@1.0.0 enable
2021-12-22 05:38:46-log: [Package] preview@1.0.1 enable
2021-12-22 05:38:46-log: [Package] animator@1.0.0 enable
2021-12-22 05:38:47-log: [Package] builder@1.3.0 enable
2021-12-22 05:38:47-log: [Package] node-library@1.0.0 enable
2021-12-22 05:38:48-log: [Package] shortcuts@1.0.1 enable
2021-12-22 05:38:48-log: [Package] package-asset@1.0.0 enable
2021-12-22 05:38:48-log: [Package] reference-image@1.0.0 enable
2021-12-22 05:38:48-log: [Package] animation-graph@1.0.0 enable
2021-12-22 05:38:48-log: [Package] channel-upload-tools@1.0.0 enable
2021-12-22 05:38:48-log: [Package] runtime-dev-tools@1.0.0 enable
2021-12-22 05:38:48-log: [Package] lightmap@1.0.4 enable
2021-12-22 05:38:48-log: [Package] alipay-mini-game@1.0.0 enable
2021-12-22 05:38:48-log: [Package] android@1.0.0 enable
2021-12-22 05:38:48-log: [Package] baidu-mini-game@1.0.0 enable
2021-12-22 05:38:48-log: [Package] bytedance-mini-game@1.0.1 enable
2021-12-22 05:38:48-log: [Package] huawei-agc@1.0.0 enable
2021-12-22 05:38:48-log: [Package] ios@1.0.0 enable
2021-12-22 05:38:48-log: [Package] ios-app-clip@1.0.0 enable
2021-12-22 05:38:48-log: [Package] mac@1.0.0 enable
2021-12-22 05:38:48-log: [Package] native@1.0.0 enable
2021-12-22 05:38:48-log: [Package] ohos@1.0.0 enable
2021-12-22 05:38:48-log: [Package] web-desktop@1.0.0 enable
2021-12-22 05:38:48-log: [Package] web-mobile@1.0.0 enable
2021-12-22 05:38:48-log: [Package] wechatgame@1.0.1 enable
2021-12-22 05:38:48-log: [Package] windows@1.0.0 enable
2021-12-22 05:38:48-log: [Package] xiaomi-quick-game@1.0.0 enable
2021-12-22 05:38:48-log: [Package] cocos-play@1.0.0 enable
2021-12-22 05:38:48-log: [Package] huawei-quick-game@1.0.0 enable
2021-12-22 05:38:48-log: [Package] link-sure@1.0.0 enable
2021-12-22 05:38:48-log: [Package] oppo-mini-game@1.0.0 enable
2021-12-22 05:38:49-log: [Package] qtt@1.0.0 enable
2021-12-22 05:38:49-log: [Package] vivo-mini-game@1.0.0 enable
2021-12-22 05:38:49-log: [Package] cocos-service@3.0.2 enable
2021-12-22 05:38:49-log: [Package] importer@1.0.0 enable
2021-12-22 05:38:49-log: [Package] extension@3.0.13 enable
2021-12-22 05:38:50-log: [Im-plugin] Check im-plugin version.
2021-12-22 05:38:50-log: [Package] im-plugin@3.0.8 enable
2021-12-22 05:38:50-log: [Scene] begin init
2021-12-22 05:38:50-log: [Scene] require engine end
2021-12-22 05:38:50-log: [Scene] Serialize end
2021-12-22 05:38:50-log: [Scene] configureStartup end
2021-12-22 05:38:50-log: [Scene] Cocos Creator v3.4.0
2021-12-22 05:38:50-log: [Im-plugin] No online info of im-plugin.
2021-12-22 05:38:50-info: [Scene] Forward render pipeline initialized.
2021-12-22 05:38:51-log: [Scene] openEngine end
2021-12-22 05:38:51-log: [Scene] configureEngine end
